[15:14:55] flowguard — INFO — FlowGuard v1.0.0 — REAL UPLOADED DATASETS
[15:14:55] flowguard — INFO — PHASE 1: Loading Real Datasets
[15:14:56] flowguard.datasets — INFO — SmartBugs Curated: loaded 143 contracts
[15:14:56] flowguard.datasets — INFO — sc_vuln: loaded 74 unique contracts
[15:14:56] flowguard.datasets — INFO — ScrawlD: 9252 addresses, 5664 labeled (no source code)
[15:14:56] flowguard — INFO — Real Contracts with Source Code
[15:14:56] flowguard — INFO —   SmartBugs: 143 contracts
[15:14:56] flowguard — INFO —   Kaggle:    74 contracts
[15:14:56] flowguard — INFO —   TOTAL:     217 contracts
[15:14:56] flowguard — INFO — Vulnerability Labels (no source)
[15:14:56] flowguard — INFO —   ScrawlD:   5664 contracts
[15:14:56] flowguard — INFO —     ARTHM: 3956
[15:14:56] flowguard — INFO —     LE: 1696
[15:14:56] flowguard — INFO —     TimeO: 1106
[15:14:56] flowguard — INFO —     RENT: 654
[15:14:56] flowguard — INFO —     TimeM: 145
[15:14:56] flowguard — INFO —     UE: 18
[15:14:56] flowguard — INFO —     TX-Origin: 5
[15:14:56] flowguard — INFO — Enum-bearing (STG candidates)
[15:14:56] flowguard — INFO —   SmartBugs enum: 1
[15:14:56] flowguard — INFO —   sc_vuln enum:    74
[15:14:56] flowguard — INFO —   TOTAL enum:     75
[15:14:56] flowguard — INFO — PHASE 2: Workflow Annotation Layer
[15:14:56] flowguard.parser — INFO — Slither not installed — regex parser will be used
