[17:39:33] flowguard — INFO — FlowGuard v1.0.0 — REAL UPLOADED DATASETS
[17:39:33] flowguard — INFO — PHASE 1: Loading Real Datasets
[17:39:33] flowguard.datasets — INFO — SmartBugs Curated: loaded 143 contracts
[17:39:34] flowguard.datasets — INFO — sc_vuln: loaded 74 unique contracts
[17:39:34] flowguard.datasets — INFO — ScrawlD: 9252 addresses, 5664 labeled (no source code)
[17:39:34] flowguard — INFO — Real Contracts with Source Code
[17:39:34] flowguard — INFO —   SmartBugs: 143 contracts
[17:39:34] flowguard — INFO —   SC Vuln:    74 contracts
[17:39:34] flowguard — INFO —   TOTAL:     217 contracts
[17:39:34] flowguard — INFO — Vulnerability Labels (no source)
[17:39:34] flowguard — INFO —   ScrawlD:   5664 contracts
[17:39:34] flowguard — INFO —     ARTHM: 3956
[17:39:34] flowguard — INFO —     LE: 1696
[17:39:34] flowguard — INFO —     TimeO: 1106
[17:39:34] flowguard — INFO —     RENT: 654
[17:39:34] flowguard — INFO —     TimeM: 145
[17:39:34] flowguard — INFO —     UE: 18
[17:39:34] flowguard — INFO —     TX-Origin: 5
[17:39:34] flowguard — INFO — Enum-bearing (STG candidates)
[17:39:34] flowguard — INFO —   SmartBugs enum: 1
[17:39:34] flowguard — INFO —   sc_vuln enum:    74
[17:39:34] flowguard — INFO —   TOTAL enum:     75
[17:39:34] flowguard — INFO — PHASE 2: Workflow Annotation Layer
[17:39:34] flowguard.parser — INFO — Slither available — using as primary parser
