[10:23:07] flowguard — INFO — FlowGuard v1.0.0 — REAL UPLOADED DATASETS
[10:23:07] flowguard — INFO — PHASE 1: Loading Real Datasets
[10:23:07] flowguard.datasets — INFO — SmartBugs Curated: loaded 143 contracts
[10:23:08] flowguard.datasets — INFO — sc_vuln: loaded 74 unique contracts
[10:23:08] flowguard.datasets — INFO — ScrawlD: 9252 addresses, 5664 labeled (no source code)
[10:23:08] flowguard — INFO — Real Contracts with Source Code
[10:23:08] flowguard — INFO —   SmartBugs: 143 contracts
[10:23:08] flowguard — INFO —   SC Vuln:    74 contracts
[10:23:08] flowguard — INFO —   TOTAL:     217 contracts
[10:23:08] flowguard — INFO — Vulnerability Labels (no source)
[10:23:08] flowguard — INFO —   ScrawlD:   5664 contracts
[10:23:08] flowguard — INFO —     ARTHM: 3956
[10:23:08] flowguard — INFO —     LE: 1696
[10:23:08] flowguard — INFO —     TimeO: 1106
[10:23:08] flowguard — INFO —     RENT: 654
[10:23:08] flowguard — INFO —     TimeM: 145
[10:23:08] flowguard — INFO —     UE: 18
[10:23:08] flowguard — INFO —     TX-Origin: 5
[10:23:08] flowguard — INFO — Enum-bearing (STG candidates)
[10:23:08] flowguard — INFO —   SmartBugs enum: 1
[10:23:08] flowguard — INFO —   sc_vuln enum:    74
[10:23:08] flowguard — INFO —   TOTAL enum:     75
[10:23:08] flowguard — INFO — PHASE 2: Workflow Annotation Layer
